[PPU] LCD ENABLED at LY=0
[PPU] ENTERING VBLANK: IF before:00 IE:00 LY=144
[PPU] VBLANK INTERRUPTS REQUESTED: IF after:01
[PPU] LCD DISABLED at LY=144
[PPU] LCD ENABLED at LY=0
[PPU] ENTERING VBLANK: IF before:02 IE:02 LY=144
[PPU] VBLANK INTERRUPTS REQUESTED: IF after:03
[PPU] FRAME COMPLETE - BACK TO OAM SCAN
[PPU] ENTERING VBLANK: IF before:03 IE:02 LY=144
[PPU] VBLANK INTERRUPTS REQUESTED: IF after:03
[PPU] FRAME COMPLETE - BACK TO OAM SCAN
[PPU] ENTERING VBLANK: IF before:03 IE:02 LY=144
[PPU] VBLANK INTERRUPTS REQUESTED: IF after:03
[PPU] FRAME COMPLETE - BACK TO OAM SCAN
[PPU] ENTERING VBLANK: IF before:03 IE:02 LY=144
[PPU] VBLANK INTERRUPTS REQUESTED: IF after:03
[PPU] FRAME COMPLETE - BACK TO OAM SCAN
[PPU] ENTERING VBLANK: IF before:03 IE:02 LY=144
[PPU] VBLANK INTERRUPTS REQUESTED: IF after:03
[PPU] FRAME COMPLETE - BACK TO OAM SCAN
[PPU] ENTERING VBLANK: IF before:03 IE:02 LY=144
[PPU] VBLANK INTERRUPTS REQUESTED: IF after:03
[PPU] FRAME COMPLETE - BACK TO OAM SCAN
[PPU] ENTERING VBLANK: IF before:03 IE:02 LY=144
[PPU] VBLANK INTERRUPTS REQUESTED: IF after:03
[PPU] FRAME COMPLETE - BACK TO OAM SCAN
[PPU] ENTERING VBLANK: IF before:03 IE:02 LY=144
[PPU] VBLANK INTERRUPTS REQUESTED: IF after:03
[PPU] FRAME COMPLETE - BACK TO OAM SCAN
[PPU] ENTERING VBLANK: IF before:03 IE:02 LY=144
[PPU] VBLANK INTERRUPTS REQUESTED: IF after:03
[PPU] FRAME COMPLETE - BACK TO OAM SCAN
[PPU] ENTERING VBLANK: IF before:03 IE:02 LY=144
[PPU] VBLANK INTERRUPTS REQUESTED: IF after:03
[PPU] FRAME COMPLETE - BACK TO OAM SCAN
[PPU] ENTERING VBLANK: IF before:03 IE:02 LY=144
[PPU] VBLANK INTERRUPTS REQUESTED: IF after:03
[PPU] FRAME COMPLETE - BACK TO OAM SCAN
[PPU] ENTERING VBLANK: IF before:03 IE:02 LY=144
[PPU] VBLANK INTERRUPTS REQUESTED: IF after:03
[PPU] FRAME COMPLETE - BACK TO OAM SCAN
[PPU] ENTERING VBLANK: IF before:03 IE:02 LY=144
[PPU] VBLANK INTERRUPTS REQUESTED: IF after:03
[PPU] FRAME COMPLETE - BACK TO OAM SCAN
[PPU] ENTERING VBLANK: IF before:03 IE:02 LY=144
[PPU] VBLANK INTERRUPTS REQUESTED: IF after:03
[PPU] FRAME COMPLETE - BACK TO OAM SCAN
[PPU] ENTERING VBLANK: IF before:03 IE:02 LY=144
[PPU] VBLANK INTERRUPTS REQUESTED: IF after:03
[PPU] FRAME COMPLETE - BACK TO OAM SCAN
[PPU] ENTERING VBLANK: IF before:03 IE:02 LY=144
[PPU] VBLANK INTERRUPTS REQUESTED: IF after:03
[PPU] FRAME COMPLETE - BACK TO OAM SCAN
[PPU] ENTERING VBLANK: IF before:03 IE:02 LY=144
[PPU] VBLANK INTERRUPTS REQUESTED: IF after:03
[PPU] FRAME COMPLETE - BACK TO OAM SCAN
[PPU] ENTERING VBLANK: IF before:03 IE:02 LY=144
[PPU] VBLANK INTERRUPTS REQUESTED: IF after:03
[PPU] FRAME COMPLETE - BACK TO OAM SCAN
[PPU] ENTERING VBLANK: IF before:03 IE:02 LY=144
[PPU] VBLANK INTERRUPTS REQUESTED: IF after:03
[PPU] FRAME COMPLETE - BACK TO OAM SCAN
[PPU] ENTERING VBLANK: IF before:03 IE:02 LY=144
[PPU] VBLANK INTERRUPTS REQUESTED: IF after:03
[PPU] FRAME COMPLETE - BACK TO OAM SCAN
[PPU] ENTERING VBLANK: IF before:03 IE:02 LY=144
[PPU] VBLANK INTERRUPTS REQUESTED: IF after:03
[PPU] FRAME COMPLETE - BACK TO OAM SCAN
[PPU] ENTERING VBLANK: IF before:03 IE:02 LY=144
[PPU] VBLANK INTERRUPTS REQUESTED: IF after:03
[PPU] FRAME COMPLETE - BACK TO OAM SCAN
[PPU] ENTERING VBLANK: IF before:03 IE:02 LY=144
[PPU] VBLANK INTERRUPTS REQUESTED: IF after:03
[PPU] FRAME COMPLETE - BACK TO OAM SCAN
[PPU] ENTERING VBLANK: IF before:03 IE:02 LY=144
[PPU] VBLANK INTERRUPTS REQUESTED: IF after:03
[PPU] FRAME COMPLETE - BACK TO OAM SCAN
[PPU] ENTERING VBLANK: IF before:03 IE:02 LY=144
[PPU] VBLANK INTERRUPTS REQUESTED: IF after:03
[PPU] FRAME COMPLETE - BACK TO OAM SCAN
[PPU] ENTERING VBLANK: IF before:03 IE:02 LY=144
[PPU] VBLANK INTERRUPTS REQUESTED: IF after:03
[PPU] FRAME COMPLETE - BACK TO OAM SCAN
[PPU] ENTERING VBLANK: IF before:03 IE:02 LY=144
[PPU] VBLANK INTERRUPTS REQUESTED: IF after:03
[PPU] FRAME COMPLETE - BACK TO OAM SCAN
[PPU] ENTERING VBLANK: IF before:03 IE:02 LY=144
[PPU] VBLANK INTERRUPTS REQUESTED: IF after:03
[PPU] FRAME COMPLETE - BACK TO OAM SCAN
[PPU] ENTERING VBLANK: IF before:03 IE:02 LY=144
[PPU] VBLANK INTERRUPTS REQUESTED: IF after:03
[PPU] FRAME COMPLETE - BACK TO OAM SCAN
[PPU] ENTERING VBLANK: IF before:03 IE:02 LY=144
[PPU] VBLANK INTERRUPTS REQUESTED: IF after:03
[PPU] FRAME COMPLETE - BACK TO OAM SCAN
[PPU] ENTERING VBLANK: IF before:03 IE:02 LY=144
[PPU] VBLANK INTERRUPTS REQUESTED: IF after:03
[PPU] FRAME COMPLETE - BACK TO OAM SCAN
[PPU] ENTERING VBLANK: IF before:03 IE:02 LY=144
[PPU] VBLANK INTERRUPTS REQUESTED: IF after:03
[PPU] FRAME COMPLETE - BACK TO OAM SCAN
[PPU] ENTERING VBLANK: IF before:03 IE:02 LY=144
[PPU] VBLANK INTERRUPTS REQUESTED: IF after:03
[PPU] FRAME COMPLETE - BACK TO OAM SCAN
[PPU] ENTERING VBLANK: IF before:03 IE:02 LY=144
[PPU] VBLANK INTERRUPTS REQUESTED: IF after:03
[PPU] FRAME COMPLETE - BACK TO OAM SCAN
[PPU] ENTERING VBLANK: IF before:03 IE:02 LY=144
[PPU] VBLANK INTERRUPTS REQUESTED: IF after:03
[PPU] FRAME COMPLETE - BACK TO OAM SCAN
[PPU] ENTERING VBLANK: IF before:03 IE:02 LY=144
[PPU] VBLANK INTERRUPTS REQUESTED: IF after:03
[PPU] FRAME COMPLETE - BACK TO OAM SCAN
[PPU] ENTERING VBLANK: IF before:03 IE:02 LY=144
[PPU] VBLANK INTERRUPTS REQUESTED: IF after:03
[PPU] FRAME COMPLETE - BACK TO OAM SCAN
[PPU] ENTERING VBLANK: IF before:03 IE:02 LY=144
[PPU] VBLANK INTERRUPTS REQUESTED: IF after:03
[PPU] FRAME COMPLETE - BACK TO OAM SCAN
[PPU] ENTERING VBLANK: IF before:03 IE:02 LY=144
[PPU] VBLANK INTERRUPTS REQUESTED: IF after:03
[PPU] FRAME COMPLETE - BACK TO OAM SCAN
[PPU] ENTERING VBLANK: IF before:03 IE:02 LY=144
[PPU] VBLANK INTERRUPTS REQUESTED: IF after:03
[PPU] FRAME COMPLETE - BACK TO OAM SCAN
[PPU] ENTERING VBLANK: IF before:03 IE:02 LY=144
[PPU] VBLANK INTERRUPTS REQUESTED: IF after:03
[PPU] FRAME COMPLETE - BACK TO OAM SCAN
[PPU] ENTERING VBLANK: IF before:03 IE:02 LY=144
[PPU] VBLANK INTERRUPTS REQUESTED: IF after:03
[PPU] FRAME COMPLETE - BACK TO OAM SCAN
[PPU] ENTERING VBLANK: IF before:03 IE:02 LY=144
[PPU] VBLANK INTERRUPTS REQUESTED: IF after:03
[PPU] FRAME COMPLETE - BACK TO OAM SCAN
[PPU] ENTERING VBLANK: IF before:03 IE:02 LY=144
[PPU] VBLANK INTERRUPTS REQUESTED: IF after:03
[PPU] FRAME COMPLETE - BACK TO OAM SCAN
[PPU] ENTERING VBLANK: IF before:03 IE:02 LY=144
[PPU] VBLANK INTERRUPTS REQUESTED: IF after:03
[PPU] FRAME COMPLETE - BACK TO OAM SCAN
[PPU] ENTERING VBLANK: IF before:03 IE:02 LY=144
[PPU] VBLANK INTERRUPTS REQUESTED: IF after:03
[PPU] FRAME COMPLETE - BACK TO OAM SCAN
[PPU] ENTERING VBLANK: IF before:03 IE:02 LY=144
[PPU] VBLANK INTERRUPTS REQUESTED: IF after:03
[PPU] FRAME COMPLETE - BACK TO OAM SCAN
[PPU] ENTERING VBLANK: IF before:03 IE:02 LY=144
[PPU] VBLANK INTERRUPTS REQUESTED: IF after:03
[PPU] FRAME COMPLETE - BACK TO OAM SCAN
[PPU] ENTERING VBLANK: IF before:03 IE:02 LY=144
[PPU] VBLANK INTERRUPTS REQUESTED: IF after:03
[PPU] FRAME COMPLETE - BACK TO OAM SCAN
[PPU] ENTERING VBLANK: IF before:03 IE:02 LY=144
[PPU] VBLANK INTERRUPTS REQUESTED: IF after:03
[PPU] FRAME COMPLETE - BACK TO OAM SCAN
[PPU] ENTERING VBLANK: IF before:03 IE:02 LY=144
[PPU] VBLANK INTERRUPTS REQUESTED: IF after:03
[PPU] FRAME COMPLETE - BACK TO OAM SCAN
[PPU] ENTERING VBLANK: IF before:03 IE:02 LY=144
[PPU] VBLANK INTERRUPTS REQUESTED: IF after:03
[PPU] FRAME COMPLETE - BACK TO OAM SCAN
[PPU] ENTERING VBLANK: IF before:03 IE:02 LY=144
[PPU] VBLANK INTERRUPTS REQUESTED: IF after:03
[PPU] FRAME COMPLETE - BACK TO OAM SCAN
[PPU] ENTERING VBLANK: IF before:03 IE:02 LY=144
[PPU] VBLANK INTERRUPTS REQUESTED: IF after:03
[PPU] FRAME COMPLETE - BACK TO OAM SCAN
[PPU] ENTERING VBLANK: IF before:03 IE:02 LY=144
[PPU] VBLANK INTERRUPTS REQUESTED: IF after:03
[PPU] FRAME COMPLETE - BACK TO OAM SCAN
[PPU] ENTERING VBLANK: IF before:03 IE:02 LY=144
[PPU] VBLANK INTERRUPTS REQUESTED: IF after:03
[PPU] FRAME COMPLETE - BACK TO OAM SCAN
[PPU] ENTERING VBLANK: IF before:03 IE:02 LY=144
[PPU] VBLANK INTERRUPTS REQUESTED: IF after:03
[PPU] FRAME COMPLETE - BACK TO OAM SCAN
[PPU] ENTERING VBLANK: IF before:03 IE:02 LY=144
[PPU] VBLANK INTERRUPTS REQUESTED: IF after:03
[PPU] FRAME COMPLETE - BACK TO OAM SCAN
[PPU] ENTERING VBLANK: IF before:03 IE:02 LY=144
[PPU] VBLANK INTERRUPTS REQUESTED: IF after:03
[PPU] FRAME COMPLETE - BACK TO OAM SCAN
[PPU] ENTERING VBLANK: IF before:03 IE:02 LY=144
[PPU] VBLANK INTERRUPTS REQUESTED: IF after:03
[PPU] FRAME COMPLETE - BACK TO OAM SCAN
[PPU] ENTERING VBLANK: IF before:03 IE:02 LY=144
[PPU] VBLANK INTERRUPTS REQUESTED: IF after:03
[PPU] FRAME COMPLETE - BACK TO OAM SCAN
[PPU] ENTERING VBLANK: IF before:03 IE:02 LY=144
[PPU] VBLANK INTERRUPTS REQUESTED: IF after:03
[PPU] FRAME COMPLETE - BACK TO OAM SCAN
[PPU] ENTERING VBLANK: IF before:03 IE:02 LY=144
[PPU] VBLANK INTERRUPTS REQUESTED: IF after:03
[PPU] FRAME COMPLETE - BACK TO OAM SCAN
[PPU] ENTERING VBLANK: IF before:03 IE:02 LY=144
[PPU] VBLANK INTERRUPTS REQUESTED: IF after:03
[PPU] FRAME COMPLETE - BACK TO OAM SCAN
[PPU] ENTERING VBLANK: IF before:03 IE:02 LY=144
[PPU] VBLANK INTERRUPTS REQUESTED: IF after:03
[PPU] FRAME COMPLETE - BACK TO OAM SCAN
[PPU] ENTERING VBLANK: IF before:03 IE:02 LY=144
[PPU] VBLANK INTERRUPTS REQUESTED: IF after:03
[PPU] FRAME COMPLETE - BACK TO OAM SCAN
[PPU] ENTERING VBLANK: IF before:03 IE:02 LY=144
[PPU] VBLANK INTERRUPTS REQUESTED: IF after:03
[PPU] FRAME COMPLETE - BACK TO OAM SCAN
[PPU] ENTERING VBLANK: IF before:03 IE:02 LY=144
[PPU] VBLANK INTERRUPTS REQUESTED: IF after:03
[PPU] FRAME COMPLETE - BACK TO OAM SCAN
[PPU] ENTERING VBLANK: IF before:03 IE:02 LY=144
[PPU] VBLANK INTERRUPTS REQUESTED: IF after:03
[PPU] FRAME COMPLETE - BACK TO OAM SCAN
[PPU] ENTERING VBLANK: IF before:03 IE:02 LY=144
[PPU] VBLANK INTERRUPTS REQUESTED: IF after:03
[PPU] FRAME COMPLETE - BACK TO OAM SCAN
[PPU] ENTERING VBLANK: IF before:03 IE:02 LY=144
[PPU] VBLANK INTERRUPTS REQUESTED: IF after:03
[PPU] FRAME COMPLETE - BACK TO OAM SCAN
[PPU] ENTERING VBLANK: IF before:03 IE:02 LY=144
[PPU] VBLANK INTERRUPTS REQUESTED: IF after:03
[PPU] FRAME COMPLETE - BACK TO OAM SCAN
[PPU] ENTERING VBLANK: IF before:03 IE:02 LY=144
[PPU] VBLANK INTERRUPTS REQUESTED: IF after:03
[PPU] FRAME COMPLETE - BACK TO OAM SCAN
[PPU] ENTERING VBLANK: IF before:03 IE:02 LY=144
[PPU] VBLANK INTERRUPTS REQUESTED: IF after:03
[PPU] FRAME COMPLETE - BACK TO OAM SCAN
[PPU] ENTERING VBLANK: IF before:03 IE:02 LY=144
[PPU] VBLANK INTERRUPTS REQUESTED: IF after:03
[PPU] FRAME COMPLETE - BACK TO OAM SCAN
[PPU] ENTERING VBLANK: IF before:03 IE:02 LY=144
[PPU] VBLANK INTERRUPTS REQUESTED: IF after:03
[PPU] FRAME COMPLETE - BACK TO OAM SCAN
[PPU] ENTERING VBLANK: IF before:03 IE:02 LY=144
[PPU] VBLANK INTERRUPTS REQUESTED: IF after:03
[PPU] FRAME COMPLETE - BACK TO OAM SCAN
[PPU] ENTERING VBLANK: IF before:03 IE:02 LY=144
[PPU] VBLANK INTERRUPTS REQUESTED: IF after:03
[PPU] FRAME COMPLETE - BACK TO OAM SCAN
[PPU] ENTERING VBLANK: IF before:03 IE:02 LY=144
[PPU] VBLANK INTERRUPTS REQUESTED: IF after:03
[PPU] FRAME COMPLETE - BACK TO OAM SCAN
[PPU] ENTERING VBLANK: IF before:03 IE:02 LY=144
[PPU] VBLANK INTERRUPTS REQUESTED: IF after:03
[PPU] FRAME COMPLETE - BACK TO OAM SCAN
[PPU] ENTERING VBLANK: IF before:03 IE:02 LY=144
[PPU] VBLANK INTERRUPTS REQUESTED: IF after:03
[PPU] FRAME COMPLETE - BACK TO OAM SCAN
[PPU] ENTERING VBLANK: IF before:03 IE:02 LY=144
[PPU] VBLANK INTERRUPTS REQUESTED: IF after:03
[PPU] FRAME COMPLETE - BACK TO OAM SCAN
[PPU] ENTERING VBLANK: IF before:03 IE:02 LY=144
[PPU] VBLANK INTERRUPTS REQUESTED: IF after:03
[PPU] FRAME COMPLETE - BACK TO OAM SCAN
[PPU] ENTERING VBLANK: IF before:03 IE:02 LY=144
[PPU] VBLANK INTERRUPTS REQUESTED: IF after:03
[PPU] FRAME COMPLETE - BACK TO OAM SCAN
[PPU] ENTERING VBLANK: IF before:03 IE:02 LY=144
[PPU] VBLANK INTERRUPTS REQUESTED: IF after:03
[PPU] FRAME COMPLETE - BACK TO OAM SCAN
[PPU] ENTERING VBLANK: IF before:03 IE:02 LY=144
[PPU] VBLANK INTERRUPTS REQUESTED: IF after:03
[PPU] FRAME COMPLETE - BACK TO OAM SCAN
